<?xml version="1.0" encoding="UTF-8"?>
<testsuite name="TestRunner" tests="0" skipped="0" failures="0" errors="0" timestamp="1970-01-01T00:00:00" hostname="Kwames-MBP.default" time="0.0">
  <properties/>
  <system-out><![CDATA[Feature: User registration and login validation.
  Validate the registration and login view/page for mandatory user details required on registration.

  Scenario: User cannot register without valid data in all fields. ?[90m# Registration.feature:10?[0m
    ?[33mGiven ?[0m?[33mUser has left all the fields empty?[0m
    ?[33mWhen ?[0m?[33mUser press the Registration button?[0m
    ?[33mThen ?[0m?[33mUser is should validation error for all fields.?[0m

2 Scenarios (?[33m1 pending?[0m, ?[33m1 undefined?[0m)
6 Steps (?[36m2 skipped?[0m, ?[33m1 pending?[0m, ?[33m3 undefined?[0m)
0m0.183s

cucumber.api.PendingException: TODO: implement me
	at com.whiteleys.zoo.steps.RegistrationSteps.user_has_entered_valid_data_for_all_fields(RegistrationSteps.java:19)
	at ✽.Given User has entered valid data for all fields(Registration.feature:5)


You can implement missing steps with the snippets below:

@Given("^User has left all the fields empty$")
public void user_has_left_all_the_fields_empty() throws Throwable {
    // Write code here that turns the phrase above into concrete actions
    throw new PendingException();
}

@When("^User press the Registration button$")
public void user_press_the_Registration_button() throws Throwable {
    // Write code here that turns the phrase above into concrete actions
    throw new PendingException();
}

@Then("^User is should validation error for all fields\\.$")
public void user_is_should_validation_error_for_all_fields() throws Throwable {
    // Write code here that turns the phrase above into concrete actions
    throw new PendingException();
}

]]></system-out>
  <system-err><![CDATA[]]></system-err>
</testsuite>
